2021-06-10 23:18:22 进行前往沙河运动场门一的导航
2021-06-10 23:19:35 导航已结束
2021-06-10 23:19:35 我的位置更新至校区1坐标为101.22222222222246,219.9385474705194
2021-06-10 23:25:26 进行前往沙河篮球场门一的导航
2021-06-10 23:25:27 进行前往沙河篮球场门一的导航
2021-06-10 23:25:27 进行前往沙河篮球场门一的导航
2021-06-10 23:25:28 进行前往沙河篮球场门一的导航
2021-06-10 23:25:28 进行前往沙河篮球场门一的导航
2021-06-10 23:25:28 进行前往沙河篮球场门一的导航
2021-06-10 23:25:28 进行前往沙河篮球场门一的导航
2021-06-10 23:25:28 进行前往沙河篮球场门一的导航
2021-06-10 23:25:29 进行前往沙河篮球场门一的导航
2021-06-10 23:25:48 进行前往沙河篮球场门一的导航
2021-06-10 23:26:07 进行前往沙河篮球场门一的导航
2021-06-10 23:27:03 进行前往沙河篮球场门一的导航
2021-06-10 23:28:56 导航已结束
2021-06-10 23:28:57 导航已结束
2021-06-10 23:28:57 我的位置更新至校区1坐标为119.88888888888897,169.66630304222795
2021-06-10 23:29:04 进行前往沙河运动场门一的导航
2021-06-10 23:33:26 进行前往沙河运动场门一的导航
2021-06-10 23:39:30 我的位置更新至校区1坐标为130,0
2021-06-10 23:46:42 我的位置更新至校区1坐标为0,130
2021-06-10 23:46:53 进行前往沙河燕北园一号楼门二的导航
2021-06-10 23:46:57 我的位置更新至校区1坐标为19.444444444444454,130
2021-06-10 23:46:59 我的位置更新至校区1坐标为38.888888888888914,130
2021-06-10 23:47:02 我的位置更新至校区1坐标为79.33333333333326,130
2021-06-10 23:47:05 我的位置更新至校区1坐标为118.9999999999996,130
2021-06-10 23:47:08 我的位置更新至校区1坐标为159.44444444444372,130
2021-06-10 23:47:11 我的位置更新至校区1坐标为199.11111111111006,130
2021-06-10 23:47:13 我的位置更新至校区1坐标为229.44444444444315,130
2021-06-10 23:47:14 我的位置更新至校区1坐标为248.88888888888744,130
2021-06-10 23:47:16 我的位置更新至校区1坐标为265.22222222222064,130.01969967106865
2021-06-10 23:47:17 我的位置更新至校区1坐标为279.2222222222205,130.0010368247931
2021-06-10 23:47:17 导航已结束
2021-06-10 23:47:17 我的位置更新至校区1坐标为279.2222222222205,130.0010368247931
2021-06-10 23:47:27 进行前往沙河燕南园S4-109的导航
2021-06-10 23:47:35 导航已结束
2021-06-10 23:47:40 进行前往沙河燕南园S4-110的导航
2021-06-10 23:47:42 我的位置更新至校区1坐标为279.9999999999983,130
2021-06-10 23:47:43 我的位置更新至校区1坐标为266.7777777777762,130.0193238125749
2021-06-10 23:47:44 我的位置更新至沙河燕南园S40层坐标为266.7777777777762,130.0193238125749
2021-06-10 23:47:47 导航已结束
2021-06-10 23:47:47 导航已结束
2021-06-10 23:47:47 我的位置更新至沙河燕南园S40层坐标为250,485.3333333333329
2021-06-10 23:48:16 我的位置更新至校区1坐标为0,130
2021-06-10 23:48:28 进行前往沙河燕南园S4-116的导航
2021-06-10 23:48:32 我的位置更新至校区1坐标为19.444444444444454,130
2021-06-10 23:48:34 我的位置更新至校区1坐标为38.888888888888914,130
2021-06-10 23:48:37 我的位置更新至校区1坐标为79.33333333333326,130
2021-06-10 23:48:40 我的位置更新至校区1坐标为118.9999999999996,130
2021-06-10 23:48:43 我的位置更新至校区1坐标为159.44444444444372,130
2021-06-10 23:48:46 我的位置更新至校区1坐标为199.11111111111006,130
2021-06-10 23:48:48 我的位置更新至校区1坐标为229.44444444444315,130
2021-06-10 23:48:50 我的位置更新至校区1坐标为248.88888888888744,130
2021-06-10 23:48:51 我的位置更新至校区1坐标为265.22222222222064,130.01969967106865
2021-06-10 23:48:51 我的位置更新至沙河燕南园S40层坐标为265.22222222222064,130.01969967106865
2021-06-10 23:48:55 我的位置更新至沙河燕南园S40层坐标为250,451.1111111111097
2021-06-10 23:48:59 我的位置更新至沙河燕南园S40层坐标为250,400.8888888888861
2021-06-10 23:49:02 我的位置更新至沙河燕南园S40层坐标为298.8888888888878,400.0197530864197
2021-06-10 23:49:02 导航已结束
2021-06-10 23:49:02 我的位置更新至沙河燕南园S40层坐标为298.8888888888878,400.0197530864197
2021-06-10 23:50:06 进行前往沙河篮球场门一的导航
2021-06-10 23:50:06 导航已结束
2021-06-10 23:50:16 进行前往沙河排球场门二的导航
2021-06-10 23:50:16 导航已结束
2021-06-10 23:50:34 进行前往沙河排球场门二的导航
2021-06-10 23:50:34 导航已结束
2021-06-10 23:51:20 进行前往沙河运动场门一的导航
2021-06-10 23:51:22 导航已结束
2021-06-10 23:51:30 进行前往沙河运动场门一的导航
2021-06-10 23:56:31 我的位置更新至校区1坐标为0,130
2021-06-10 23:57:22 进行前往沙河教学综合楼N-107的导航
2021-06-10 23:57:27 导航已结束
2021-06-10 23:57:51 进行前往沙河运动场门一的导航
2021-06-10 23:57:57 我的位置更新至校区1坐标为19.444444444444454,130
2021-06-10 23:57:59 我的位置更新至校区1坐标为38.888888888888914,130
2021-06-10 23:58:02 我的位置更新至校区1坐标为79.33333333333326,130
2021-06-10 23:58:05 我的位置更新至校区1坐标为118.9999999999996,130
2021-06-10 23:58:15 导航已结束
2021-06-10 23:58:16 导航已结束
2021-06-10 23:58:16 我的位置更新至校区1坐标为119.77777777777737,159.00000000000082
2021-06-10 23:58:35 我的位置更新至校区1坐标为0,130
2021-06-10 23:58:46 进行前往沙河运动场门三的导航
2021-06-10 23:58:51 导航已结束
2021-06-10 23:59:00 进行前往沙河运动场门二的导航
2021-06-10 23:59:07 我的位置更新至校区1坐标为19.444444444444454,130
2021-06-10 23:59:09 我的位置更新至校区1坐标为38.888888888888914,130
2021-06-10 23:59:12 我的位置更新至校区1坐标为79.33333333333326,130
2021-06-10 23:59:15 我的位置更新至校区1坐标为118.9999999999996,130
2021-06-10 23:59:18 我的位置更新至校区1坐标为159.44444444444372,130
2021-06-10 23:59:18 导航已结束
2021-06-10 23:59:18 导航已结束
2021-06-10 23:59:18 我的位置更新至校区1坐标为159.44444444444372,130
2021-06-10 23:59:29 我的位置更新至校区1坐标为0,130
2021-06-11 00:00:21 进行前往西土城教三楼门二的导航
2021-06-11 00:00:34 我的位置更新至校区2坐标为50,400.64444444444547
2021-06-11 00:00:41 我的位置更新至校区2坐标为149.16666666666683,400.0053703703704
2021-06-11 00:00:44 我的位置更新至校区2坐标为188.83333333333402,400.00015343915345
2021-06-11 00:00:46 我的位置更新至校区2坐标为228.50000000000122,400.0000055909003
2021-06-11 00:00:49 我的位置更新至校区2坐标为229.44444444444568,280.57777984842096
2021-06-11 00:00:52 我的位置更新至校区2坐标为278.5555555555574,280.01650799566914
2021-06-11 00:00:57 导航已结束
2021-06-11 00:00:57 我的位置更新至校区2坐标为357.8888888888918,280.0057241814816
2021-06-11 00:00:57 导航已结束
2021-06-11 00:01:50 进行前往西土城教三楼门二的导航
2021-06-11 00:01:59 我的位置更新至校区2坐标为398.50000000000347,280.00020389564645
2021-06-11 00:02:02 我的位置更新至校区2坐标为399.4444444444479,201.42970514641908
2021-06-11 00:02:10 导航已结束
2021-06-11 00:02:10 我的位置更新至校区2坐标为399.4444444444479,134.5852607019742
2021-06-11 00:02:10 导航已结束
2021-06-11 00:02:35 进行前往西土城教三楼门二的导航
2021-06-11 00:02:40 我的位置更新至校区2坐标为399.4444444444479,121.00748292419632
2021-06-11 00:02:47 我的位置更新至校区2坐标为458.9444444444487,120.01756162895381
2021-06-11 00:02:48 我的位置更新至校区2坐标为459.8888888888932,61.0954158437659
2021-06-11 00:02:55 导航已结束
2021-06-11 00:02:55 导航已结束
2021-06-11 00:02:55 我的位置更新至校区2坐标为515.6111111111161,60.84120434647353
2021-06-11 00:09:19 我的位置更新至校区1坐标为0,130
2021-06-11 00:10:04 进行前往沙河燕南园S4-103的导航
2021-06-11 00:10:09 我的位置更新至校区1坐标为19.444444444444454,130
2021-06-11 00:10:11 我的位置更新至校区1坐标为38.888888888888914,130
2021-06-11 00:10:14 我的位置更新至校区1坐标为79.33333333333326,130
2021-06-11 00:10:17 我的位置更新至校区1坐标为118.9999999999996,130
2021-06-11 00:10:20 我的位置更新至校区1坐标为159.44444444444372,130
2021-06-11 00:10:24 我的位置更新至校区1坐标为199.11111111111006,130
2021-06-11 00:10:26 我的位置更新至校区1坐标为229.44444444444315,130
2021-06-11 00:10:27 我的位置更新至校区1坐标为248.88888888888744,130
2021-06-11 00:10:29 我的位置更新至校区1坐标为265.22222222222064,130.01969967106865
2021-06-11 00:10:30 我的位置更新至校区1坐标为279.2222222222205,130.0010368247931
2021-06-11 00:10:31 我的位置更新至校区1坐标为299.4444444444426,130.00002772258804
2021-06-11 00:10:38 我的位置更新至校区1坐标为299.4444444444426,91.00002772258851
2021-06-11 00:10:44 我的位置更新至校区1坐标为299.4444444444426,61.000027722588875
2021-06-11 00:10:44 我的位置更新至沙河燕南园S40层坐标为299.4444444444426,61.000027722588875
2021-06-11 00:10:48 我的位置更新至沙河燕南园S40层坐标为201.11111111111222,100
2021-06-11 00:10:51 我的位置更新至沙河燕南园S40层坐标为151.11111111111336,100
2021-06-11 00:10:51 导航已结束
2021-06-11 00:10:51 我的位置更新至沙河燕南园S40层坐标为151.11111111111336,100
2021-06-11 00:11:54 进行前往沙河快递站门一的导航
2021-06-11 00:11:54 导航已结束
2021-06-11 00:12:01 进行前往沙河快递站门一的导航
2021-06-11 00:12:01 导航已结束
2021-06-11 00:12:25 我的位置更新至校区1坐标为0,130
2021-06-11 00:12:51 进行前往沙河运动场门二的导航
2021-06-11 00:12:56 导航已结束
2021-06-11 00:13:00 进行前往沙河运动场门一的导航
2021-06-11 00:13:11 我的位置更新至校区1坐标为19.444444444444454,130
2021-06-11 00:13:12 我的位置更新至校区1坐标为38.888888888888914,130
2021-06-11 00:13:20 我的位置更新至校区1坐标为79.33333333333326,130
2021-06-11 00:13:28 我的位置更新至校区1坐标为118.9999999999996,130
2021-06-11 00:13:49 我的位置更新至校区1坐标为119.77777777777737,179.0000000000014
2021-06-11 00:14:06 我的位置更新至校区1坐标为119.77777777777737,219.00000000000253
2021-06-11 00:14:09 我的位置更新至校区1坐标为101.11111111111086,219.94382022471925
2021-06-11 00:14:09 导航已结束
2021-06-11 00:14:09 我的位置更新至校区1坐标为101.11111111111086,219.94382022471925
2021-06-11 00:14:22 我的位置更新至校区1坐标为0,130
2021-06-11 00:14:31 进行前往沙河运动场门一的导航
2021-06-11 00:14:38 我的位置更新至校区1坐标为19.444444444444454,130
2021-06-11 00:14:39 我的位置更新至校区1坐标为38.888888888888914,130
2021-06-11 00:14:53 我的位置更新至校区1坐标为39.66666666666669,169.0000000000011
2021-06-11 00:17:35 进行前往沙河燕南园S4-102的导航
2021-06-11 00:17:42 我的位置更新至校区1坐标为19.444444444444454,130
2021-06-11 00:17:44 我的位置更新至校区1坐标为38.888888888888914,130
2021-06-11 00:17:47 我的位置更新至校区1坐标为79.33333333333326,130
2021-06-11 00:17:51 我的位置更新至校区1坐标为118.9999999999996,130
2021-06-11 00:17:54 我的位置更新至校区1坐标为159.44444444444372,130
2021-06-11 00:17:57 我的位置更新至校区1坐标为199.11111111111006,130
2021-06-11 00:17:58 我的位置更新至校区1坐标为199.88888888888783,81.25000000005167
2021-06-11 00:18:40 我的位置更新至校区1坐标为199.88888888888783,1.2500000000517304
2021-06-11 00:18:55 我的位置更新至校区1坐标为299.4444444444426,0.0069367369592444415
2021-06-11 00:19:00 我的位置更新至校区1坐标为299.4444444444426,29.006936736959208
2021-06-11 00:19:01 我的位置更新至沙河燕南园S40层坐标为299.4444444444426,29.006936736959208
2021-06-11 00:19:10 我的位置更新至沙河燕南园S40层坐标为48.88888888888898,100
2021-06-11 00:19:18 我的位置更新至沙河燕南园S40层坐标为98.88888888888911,100
2021-06-11 00:19:18 导航已结束
2021-06-11 00:19:18 我的位置更新至沙河燕南园S40层坐标为98.88888888888911,100
2021-06-11 00:19:55 进行前往沙河篮球场门一的导航
2021-06-11 00:19:55 导航已结束
2021-06-11 00:20:41 我的位置更新至校区1坐标为0,130
2021-06-11 00:20:56 进行前往沙河教学综合楼N-101的导航
2021-06-11 00:20:58 导航已结束
2021-06-11 00:21:03 进行前往沙河教学综合楼N-101的导航
2021-06-11 00:21:07 我的位置更新至校区1坐标为19.444444444444454,130
2021-06-11 00:21:09 我的位置更新至校区1坐标为38.888888888888914,130
2021-06-11 00:21:14 我的位置更新至校区1坐标为79.33333333333326,130
2021-06-11 00:21:17 我的位置更新至校区1坐标为118.9999999999996,130
2021-06-11 00:21:21 我的位置更新至校区1坐标为159.44444444444372,130
2021-06-11 00:21:24 我的位置更新至校区1坐标为199.11111111111006,130
2021-06-11 00:21:26 我的位置更新至校区1坐标为229.44444444444315,130
2021-06-11 00:21:27 我的位置更新至校区1坐标为248.88888888888744,130
2021-06-11 00:21:29 我的位置更新至校区1坐标为265.22222222222064,130.01969967106865
2021-06-11 00:21:30 我的位置更新至校区1坐标为279.2222222222205,130.0010368247931
2021-06-11 00:21:31 我的位置更新至校区1坐标为299.4444444444426,130.00002772258804
2021-06-11 00:21:34 我的位置更新至校区1坐标为328.9999999999979,130.0000009072847
2021-06-11 00:21:39 我的位置更新至校区1坐标为398.9999999999973,130.00000001277866
2021-06-11 00:21:40 我的位置更新至校区1坐标为419.2222222222194,130.0000000004733
2021-06-11 00:21:42 我的位置更新至校区1坐标为433.99999999999704,130.00000000002998
2021-06-11 00:21:42 我的位置更新至校区1坐标为444.1111111111081,130.00000000000242
2021-06-11 00:21:43 我的位置更新至校区1坐标为454.2222222222191,130.0000000000002
2021-06-11 00:21:45 我的位置更新至校区1坐标为479.1111111111078,130.00000000000003
2021-06-11 00:21:49 我的位置更新至校区1坐标为528.8888888888864,130.00000000000003
2021-06-11 00:21:50 我的位置更新至校区1坐标为538.9999999999982,130.00000000000003
2021-06-11 00:21:54 我的位置更新至校区1坐标为598.888888888891,130.00000000000003
2021-06-11 00:21:56 我的位置更新至校区1坐标为599.6666666666688,100.99999999996096
2021-06-11 00:21:56 我的位置更新至沙河教学综合楼N0层坐标为599.6666666666688,100.99999999996096
2021-06-11 00:22:12 我的位置更新至沙河教学综合楼N0层坐标为50.77777777777638,350
2021-06-11 00:22:12 我的位置更新至沙河教学综合楼N0层坐标为50.77777777777638,350
2021-06-11 00:22:12 导航已结束
2021-06-11 00:28:30 我的位置更新至校区1坐标为0,130
2021-06-11 00:28:47 进行前往西土城教三楼门一的导航
2021-06-11 00:29:01 我的位置更新至校区1坐标为0,130
2021-06-11 00:29:08 进行前往西土城教三楼门一的导航
2021-06-11 00:29:36 我的位置更新至校区2坐标为50,400.64444444444547
2021-06-11 00:29:45 导航已结束
2021-06-11 00:29:45 导航已结束
2021-06-11 00:29:45 我的位置更新至校区2坐标为50,290.97777777778106
2021-06-11 00:41:35 进行前往沙河燕南园S4-110的导航
2021-06-11 00:41:39 我的位置更新至校区1坐标为19.444444444444454,130
2021-06-11 00:41:42 我的位置更新至校区1坐标为38.888888888888914,130
2021-06-11 00:41:49 我的位置更新至校区1坐标为79.33333333333326,130
2021-06-11 00:41:52 我的位置更新至校区1坐标为118.9999999999996,130
2021-06-11 00:41:55 我的位置更新至校区1坐标为159.44444444444372,130
2021-06-11 00:41:58 我的位置更新至校区1坐标为199.11111111111006,130
2021-06-11 00:42:01 我的位置更新至校区1坐标为229.44444444444315,130
2021-06-11 00:42:02 我的位置更新至校区1坐标为248.88888888888744,130
2021-06-11 00:42:03 我的位置更新至校区1坐标为265.22222222222064,130.01969967106865
2021-06-11 00:42:03 我的位置更新至沙河燕南园S40层坐标为265.22222222222064,130.01969967106865
2021-06-11 00:42:11 我的位置更新至沙河燕南园S40层坐标为250,451.1111111111097
2021-06-11 00:42:15 我的位置更新至沙河燕南园S40层坐标为250,400.8888888888861
2021-06-11 00:42:19 我的位置更新至沙河燕南园S40层坐标为250,351.1111111111069
2021-06-11 00:42:23 我的位置更新至沙河燕南园S40层坐标为250,300.88888888888323
2021-06-11 00:42:27 我的位置更新至沙河燕南园S40层坐标为250,251.11111111110404
2021-06-11 00:43:12 我的位置更新至沙河燕南园S40层坐标为298.8888888888878,250.02469135802454
2021-06-11 00:43:12 导航已结束
2021-06-11 00:43:12 我的位置更新至沙河燕南园S40层坐标为298.8888888888878,250.02469135802454
2021-06-11 00:47:25 我的位置更新至校区1坐标为0,130
2021-06-11 00:47:35 进行前往沙河燕南园S4-102的导航
2021-06-11 00:47:40 我的位置更新至校区1坐标为0,130
2021-06-11 00:47:42 我的位置更新至校区1坐标为18.375,130
2021-06-11 00:47:43 我的位置更新至校区1坐标为38.5,130
2021-06-11 00:47:46 我的位置更新至校区1坐标为78.75,130
2021-06-11 00:47:49 我的位置更新至校区1坐标为118.125,130
2021-06-11 00:47:51 我的位置更新至校区1坐标为158.375,130
2021-06-11 00:47:54 我的位置更新至校区1坐标为198.625,130
2021-06-11 00:47:56 我的位置更新至校区1坐标为228.375,130
2021-06-11 00:47:57 我的位置更新至校区1坐标为248.5,130
2021-06-11 00:47:58 我的位置更新至校区1坐标为264.25,130.01857236671086
2021-06-11 00:47:59 我的位置更新至校区1坐标为278.25,130.0020635963012
2021-06-11 00:48:01 我的位置更新至校区1坐标为298.375,130.00015417673512
2021-06-11 00:48:03 我的位置更新至校区1坐标为299.25,91.5866096200316
2021-06-11 00:48:08 我的位置更新至校区1坐标为299.25,61.586609620031595
2021-06-11 00:48:13 导航已结束
2021-06-11 00:48:13 导航已结束
2021-06-11 00:48:13 我的位置更新至校区1坐标为299.25,34.211609620031595
2021-06-11 00:48:18 我的位置更新至校区1坐标为0,130
2021-06-11 00:48:35 进行前往沙河燕南园S4-102的导航
2021-06-11 00:48:38 我的位置更新至校区1坐标为0,130
2021-06-11 00:48:39 我的位置更新至校区1坐标为18.375,130
2021-06-11 00:48:41 我的位置更新至校区1坐标为38.5,130
2021-06-11 00:48:43 我的位置更新至校区1坐标为78.75,130
2021-06-11 00:48:46 我的位置更新至校区1坐标为118.125,130
2021-06-11 00:48:49 我的位置更新至校区1坐标为158.375,130
2021-06-11 00:48:52 我的位置更新至校区1坐标为198.625,130
2021-06-11 00:48:55 我的位置更新至校区1坐标为228.375,130
2021-06-11 00:48:56 我的位置更新至校区1坐标为248.5,130
2021-06-11 00:48:57 我的位置更新至校区1坐标为264.25,130.01857236671086
2021-06-11 00:48:58 我的位置更新至校区1坐标为278.25,130.0020635963012
2021-06-11 00:48:59 我的位置更新至校区1坐标为298.375,130.00015417673512
2021-06-11 00:49:02 我的位置更新至校区1坐标为299.25,91.5866096200316
2021-06-11 00:49:07 我的位置更新至校区1坐标为299.25,61.586609620031595
2021-06-11 00:49:12 我的位置更新至校区1坐标为299.25,31.586609620031595
2021-06-11 00:49:13 我的位置更新至沙河燕南园S41层坐标为299.25,31.586609620031595
2021-06-11 00:49:13 我的位置更新至沙河燕南园S41层坐标为0,100
2021-06-11 00:49:15 导航已结束
2021-06-11 00:49:29 导航已结束
2021-06-11 00:49:29 我的位置更新至沙河燕南园S41层坐标为41.25,100
2021-06-11 00:50:20 进行前往沙河燕南园S4-116的导航
2021-06-11 00:50:23 我的位置更新至沙河燕南园S41层坐标为41.25,100
2021-06-11 00:50:24 我的位置更新至沙河燕南园S41层坐标为48.75,100
2021-06-11 00:50:36 我的位置更新至沙河燕南园S41层坐标为98.75,100
2021-06-11 00:50:44 我的位置更新至沙河燕南园S41层坐标为148.75,100
2021-06-11 00:50:52 我的位置更新至沙河燕南园S41层坐标为198.75,100
2021-06-11 00:51:00 我的位置更新至沙河燕南园S41层坐标为248.75,100
2021-06-11 00:51:12 导航已结束
2021-06-11 00:51:12 导航已结束
2021-06-11 00:51:12 我的位置更新至沙河燕南园S41层坐标为249.375,161
2021-06-11 00:51:17 进行前往沙河快递站门一的导航
2021-06-11 00:51:18 我的位置更新至沙河燕南园S41层坐标为249.375,161
2021-06-11 00:51:30 我的位置更新至沙河燕南园S41层坐标为249.375,101
2021-06-11 00:51:30 我的位置更新至校区1坐标为249.375,101
2021-06-11 00:51:31 我的位置更新至校区1坐标为300,60
2021-06-11 00:51:35 我的位置更新至校区1坐标为300,88.125
2021-06-11 00:51:42 我的位置更新至校区1坐标为300,128.25
2021-06-11 00:51:49 我的位置更新至校区1坐标为281.625,129.8578125
2021-06-11 00:51:50 我的位置更新至校区1坐标为267.625,130.00301466309952
2021-06-11 00:51:52 我的位置更新至校区1坐标为251.875,130.00032070884038
2021-06-11 00:51:53 导航已结束
2021-06-11 00:51:53 导航已结束
2021-06-11 00:51:53 我的位置更新至校区1坐标为234.375,130.000064141768
2021-06-11 00:52:08 进行前往沙河燕南园S4-112的导航
2021-06-11 00:52:12 导航已结束
2021-06-11 00:52:21 进行前往沙河燕南园S4-103的导航
2021-06-11 00:52:28 我的位置更新至校区1坐标为234.375,130.000064141768
2021-06-11 00:52:29 我的位置更新至校区1坐标为248.375,130.00000667074386
2021-06-11 00:52:30 我的位置更新至校区1坐标为264.125,130.01844083645332
2021-06-11 00:52:31 我的位置更新至校区1坐标为278.125,130.0021780515496
2021-06-11 00:52:33 我的位置更新至校区1坐标为298.25,130.00017424412397
2021-06-11 00:52:36 我的位置更新至校区1坐标为299.125,91.62508712206198
2021-06-11 00:52:38 导航已结束
2021-06-11 00:52:38 导航已结束
2021-06-11 00:52:38 我的位置更新至校区1坐标为299.125,76.62508712206198
2021-06-11 00:53:15 进行前往沙河快递站门一的导航
2021-06-11 00:53:18 我的位置更新至校区1坐标为299.125,76.62508712206198
2021-06-11 00:53:20 我的位置更新至校区1坐标为299.125,88.62508712206198
2021-06-11 00:53:25 导航已结束
2021-06-11 00:53:25 导航已结束
2021-06-11 00:53:25 我的位置更新至校区1坐标为299.125,117.12508712206198
2021-06-11 00:53:53 进行前往沙河燕南园S4-102的导航
2021-06-11 00:54:23 我的位置更新至校区1坐标为299.125,117.12508712206198
2021-06-11 00:54:27 我的位置更新至校区1坐标为299.125,91.62508712206198
2021-06-11 00:54:32 我的位置更新至校区1坐标为299.125,61.625087122061984
2021-06-11 00:54:35 导航已结束
2021-06-11 00:54:36 导航已结束
2021-06-11 00:54:36 我的位置更新至校区1坐标为299.125,40.625087122061984
2021-06-11 00:55:19 进行前往沙河排球场门一的导航
2021-06-11 00:55:21 我的位置更新至校区1坐标为299.125,40.625087122061984
2021-06-11 00:55:24 我的位置更新至校区1坐标为299.125,58.625087122061984
2021-06-11 00:55:29 我的位置更新至校区1坐标为299.125,88.62508712206198
2021-06-11 00:56:46 进行前往沙河燕南园S4-103的导航
2021-06-11 00:56:52 导航已结束
2021-06-11 00:56:58 进行前往沙河燕南园S4-102的导航
2021-06-11 00:57:02 导航已结束
2021-06-11 00:57:08 进行前往沙河燕南园S4-112的导航
2021-06-11 00:57:12 导航已结束
2021-06-11 00:57:22 进行前往沙河燕南园S4-101的导航
2021-06-11 00:57:27 导航已结束
2021-06-11 00:57:44 进行前往沙河燕南园S4-102的导航
2021-06-11 00:57:51 我的位置更新至校区1坐标为284.25,129.63890824934714
2021-06-11 00:57:52 我的位置更新至校区1坐标为298.25,129.9598786943719
2021-06-11 00:57:55 我的位置更新至校区1坐标为299.125,91.60493934718595
2021-06-11 00:57:58 导航已结束
2021-06-11 00:57:58 导航已结束
2021-06-11 00:57:58 我的位置更新至校区1坐标为299.125,72.10493934718595
2021-06-11 01:00:14 进行前往沙河燕南园S4-102的导航
2021-06-11 01:00:18 我的位置更新至校区1坐标为0,130
2021-06-11 01:00:20 我的位置更新至校区1坐标为18.375,130
2021-06-11 01:00:22 我的位置更新至校区1坐标为38.5,130
2021-06-11 01:00:25 我的位置更新至校区1坐标为78.75,130
2021-06-11 01:00:27 我的位置更新至校区1坐标为118.125,130
2021-06-11 01:00:30 我的位置更新至校区1坐标为158.375,130
2021-06-11 01:00:33 我的位置更新至校区1坐标为198.625,130
2021-06-11 01:00:38 我的位置更新至校区1坐标为228.375,130
2021-06-11 01:00:40 我的位置更新至校区1坐标为248.5,130
2021-06-11 01:00:41 我的位置更新至校区1坐标为264.25,130.01857236671086
2021-06-11 01:00:42 我的位置更新至校区1坐标为278.25,130.0020635963012
2021-06-11 01:00:43 我的位置更新至校区1坐标为298.375,130.00015417673512
2021-06-11 01:00:46 我的位置更新至校区1坐标为299.25,91.5866096200316
2021-06-11 01:00:50 我的位置更新至校区1坐标为299.25,61.586609620031595
2021-06-11 01:02:03 进行前往沙河教学综合楼S门三的导航
2021-06-11 01:02:06 我的位置更新至校区1坐标为299.25,33.086609620031595
2021-06-11 01:02:06 我的位置更新至校区1坐标为299.25,31.586609620031595
2021-06-11 01:02:11 我的位置更新至校区1坐标为299.25,1.5866096200315951
2021-06-11 01:02:23 我的位置更新至校区1坐标为478.625,0.012069644412411873
2021-06-11 01:02:31 我的位置更新至校区1坐标为598.5,0.00014916141395359658
2021-06-11 01:02:35 我的位置更新至校区1坐标为599.375,28.500149161413955
2021-06-11 01:02:37 我的位置更新至校区1坐标为599.375,38.25014916141396
2021-06-11 01:02:37 我的位置更新至校区1坐标为599.375,38.25014916141396
2021-06-11 01:02:37 导航已结束
2021-06-11 01:02:49 进行前往沙河运动场门一的导航
2021-06-11 01:02:54 我的位置更新至校区1坐标为599.375,38.25014916141396
2021-06-11 01:02:54 我的位置更新至校区1坐标为599.375,38.62514916141396
2021-06-11 01:02:57 我的位置更新至校区1坐标为599.375,52.50014916141396
2021-06-11 01:02:59 我的位置更新至校区1坐标为599.375,63.37514916141396
2021-06-11 01:03:03 我的位置更新至校区1坐标为546.875,64.94397066073842
2021-06-11 01:03:03 我的位置更新至校区1坐标为545.125,67.79626471071589
2021-06-11 01:03:04 我的位置更新至校区1坐标为521.5,67.89933039229054
2021-06-11 01:03:07 我的位置更新至校区1坐标为481.25,69.9367268190449
2021-06-11 01:03:09 我的位置更新至校区1坐标为480.375,108.48101804571348
2021-06-11 01:03:12 我的位置更新至校区1坐标为480.375,128.35601804571348
2021-06-11 01:03:14 我的位置更新至校区1坐标为456.75,129.88662193418716
2021-06-11 01:03:15 我的位置更新至校区1坐标为446.25,129.98793850363694
2021-06-11 01:03:15 我的位置更新至校区1坐标为436.625,129.99825778385866
2021-06-11 01:03:16 我的位置更新至校区1坐标为421.75,129.99981660882722
2021-06-11 01:03:18 我的位置更新至校区1坐标为401.625,129.99998629836065
2021-06-11 01:03:23 我的位置更新至校区1坐标为331.625,129.99999968914256
2021-06-11 01:03:25 我的位置更新至校区1坐标为301.875,129.99999998156972
2021-06-11 01:03:25 我的位置更新至校区1坐标为300.125,158.37499999877133
2021-06-11 01:03:27 导航已结束
2021-06-11 01:03:27 我的位置更新至校区1坐标为300.125,171.49999999877133
2021-06-11 01:03:27 导航已结束
2021-06-11 01:06:04 进行前往西土城教二楼门一的导航
2021-06-11 01:06:10 我的位置更新至校区1坐标为300.125,171.49999999877133
2021-06-11 01:06:13 我的位置更新至校区1坐标为300.125,188.37499999877133
2021-06-11 01:06:15 我的位置更新至校区1坐标为328.125,189.89801255222412
2021-06-11 01:06:21 我的位置更新至校区1坐标为398.125,189.99733945788412
2021-06-11 01:06:23 我的位置更新至校区1坐标为418.25,189.99978715663073
2021-06-11 01:06:24 我的位置更新至校区1坐标为428.75,189.99997735708837
2021-06-11 01:06:27 我的位置更新至校区1坐标为458.5,189.99999891314025
2021-06-11 01:06:28 导航已结束
2021-06-11 01:06:28 导航已结束
2021-06-11 01:06:28 我的位置更新至校区1坐标为467.25,189.9999993554669
2021-06-11 01:07:10 进行前往西土城教一楼门三的导航
2021-06-11 01:07:13 我的位置更新至校区1坐标为467.25,189.9999993554669
2021-06-11 01:07:13 我的位置更新至校区1坐标为461.125,189.99999989998625
2021-06-11 01:07:15 我的位置更新至校区1坐标为431.375,189.99999999558173
2021-06-11 01:07:16 我的位置更新至校区1坐标为421.75,189.99999999932027
2021-06-11 01:07:17 我的位置更新至校区1坐标为401.625,189.99999999994918
2021-06-11 01:07:22 我的位置更新至校区1坐标为331.625,189.99999999999886
2021-06-11 01:07:24 我的位置更新至校区1坐标为301.875,189.99999999999991
2021-06-11 01:07:29 我的位置更新至校区1坐标为300.125,161.87499999999991
2021-06-11 01:07:34 我的位置更新至校区1坐标为300.125,131.87499999999991
2021-06-11 01:07:35 我的位置更新至校区1坐标为281.75,130.16304347826085
2021-06-11 01:07:36 我的位置更新至校区1坐标为267.75,130.03692144048412
2021-06-11 01:07:40 我的位置更新至校区1坐标为251.125,130.0023400912983
2021-06-11 01:07:41 我的位置更新至校区1坐标为231.875,130.00020770041112
2021-06-11 01:07:43 我的位置更新至校区1坐标为201.25,130.00000814511418
2021-06-11 01:07:46 我的位置更新至校区1坐标为161.875,130.0000003702325
2021-06-11 01:07:49 我的位置更新至校区1坐标为121.625,130.00000001436723
2021-06-11 01:07:52 我的位置更新至校区1坐标为81.375,130.0000000004746
2021-06-11 01:07:54 我的位置更新至校区1坐标为41.125,130.0000000000129
2021-06-11 01:07:56 我的位置更新至校区1坐标为21.875,130.00000000000114
2021-06-11 01:07:57 我的位置更新至校区1坐标为1.75,130.00000000000009
2021-06-11 01:07:58 我的位置更新至校区1坐标为1.75,130.00000000000009
2021-06-11 01:08:00 我的位置更新至校区2坐标为50,550
2021-06-11 01:08:08 我的位置更新至校区2坐标为50,403.1250000000004
2021-06-11 01:08:14 我的位置更新至校区2坐标为147.75,400.07031250000006
2021-06-11 01:08:16 我的位置更新至校区2坐标为187.0625,400.00488859097635
2021-06-11 01:08:18 我的位置更新至校区2坐标为227.4375,400.000291749971
2021-06-11 01:08:22 我的位置更新至校区2坐标为228.5,282.09407321949453
2021-06-11 01:08:24 我的位置更新至校区2坐标为277.375,280.10673674177036
2021-06-11 01:08:31 我的位置更新至校区2坐标为397.4375,280.00223048237126
2021-06-11 01:08:32 导航已结束
2021-06-11 01:08:32 我的位置更新至校区2坐标为411.25,280.00185732824247
2021-06-11 01:08:32 导航已结束
2021-06-11 01:08:38 我的位置更新至校区1坐标为0,130
2021-06-11 01:09:04 进行前往沙河运动场门一的导航
2021-06-11 01:09:12 我的位置更新至校区1坐标为0,130
2021-06-11 01:09:18 我的位置更新至校区1坐标为0,168.25
2021-06-11 01:09:20 我的位置更新至校区1坐标为38.5,169.93437500000002
2021-06-11 01:09:28 我的位置更新至校区1坐标为39.375,218.30937500000002
2021-06-11 01:09:32 我的位置更新至校区1坐标为98.875,219.9686275773196
2021-06-11 01:09:32 导航已结束
2021-06-11 01:09:32 我的位置更新至校区1坐标为98.875,219.9686275773196
2021-06-11 01:10:32 进行前往西土城教一楼门三的导航
2021-06-11 01:10:40 导航已结束
2021-06-11 01:11:09 进行前往西土城教一楼门三的导航
2021-06-11 01:11:30 导航已结束
2021-06-11 01:11:40 进行前往西土城教一楼门三的导航
2021-06-11 01:12:40 进行前往西土城教一楼门三的导航
2021-06-11 07:59:57 我的位置更新至校区1坐标为0,130
2021-06-11 08:08:41 我的位置更新至校区1坐标为0,130
2021-06-11 08:09:38 进行前往沙河教学综合楼N-106的导航
2021-06-11 08:09:41 我的位置更新至校区1坐标为0,130
2021-06-11 08:09:42 我的位置更新至校区1坐标为18.375,130
2021-06-11 08:09:44 我的位置更新至校区1坐标为38.5,130
2021-06-11 08:09:49 我的位置更新至校区1坐标为78.75,130
2021-06-11 08:09:52 我的位置更新至校区1坐标为118.125,130
2021-06-11 08:09:55 我的位置更新至校区1坐标为158.375,130
2021-06-11 08:09:58 我的位置更新至校区1坐标为198.625,130
2021-06-11 08:10:00 我的位置更新至校区1坐标为228.375,130
2021-06-11 08:10:01 我的位置更新至校区1坐标为248.5,130
2021-06-11 08:10:02 我的位置更新至校区1坐标为264.25,130.01857236671086
2021-06-11 08:10:03 我的位置更新至校区1坐标为278.25,130.0020635963012
2021-06-11 08:10:05 我的位置更新至校区1坐标为298.375,130.00015417673512
2021-06-11 08:10:07 我的位置更新至校区1坐标为328.125,130.00000914091316
2021-06-11 08:10:11 我的位置更新至校区1坐标为398.125,130.00000023845857
2021-06-11 08:10:13 我的位置更新至校区1坐标为418.25,130.00000001907668
2021-06-11 08:10:14 我的位置更新至校区1坐标为433.125,130.00000000213544
2021-06-11 08:10:14 我的位置更新至校区1坐标为443.625,130.00000000024727
2021-06-11 08:10:15 我的位置更新至校区1坐标为453.25,130.00000000003806
2021-06-11 08:10:17 我的位置更新至校区1坐标为478.625,130.00000000000193
2021-06-11 08:10:18 我的位置更新至校区1坐标为479.5,111.64772727272798
2021-06-11 08:10:18 我的位置更新至沙河教学综合楼N1层坐标为479.5,111.64772727272798
2021-06-11 08:10:18 我的位置更新至沙河教学综合楼N1层坐标为100,50
2021-06-11 08:10:26 我的位置更新至沙河教学综合楼N1层坐标为100,149.375
2021-06-11 08:10:30 导航已结束
2021-06-11 08:10:30 我的位置更新至沙河教学综合楼N1层坐标为116.375,149.57968750000074
2021-06-11 08:10:30 导航已结束
2021-06-11 08:11:59 进行前往西土城学生食堂门一的导航
2021-06-11 08:12:21 我的位置更新至沙河教学综合楼N1层坐标为116.375,149.57968750000074
2021-06-11 08:12:24 我的位置更新至沙河教学综合楼N1层坐标为100.75,149.98074904580162
2021-06-11 08:12:32 我的位置更新至沙河教学综合楼N1层坐标为100.375,50.605749045801616
2021-06-11 08:12:32 我的位置更新至校区1坐标为100.375,50.605749045801616
2021-06-11 08:12:33 我的位置更新至校区1坐标为480,110
2021-06-11 08:12:36 我的位置更新至校区1坐标为480,128.375
2021-06-11 08:12:37 我的位置更新至校区1坐标为456.375,129.91062499999998
2021-06-11 08:12:38 我的位置更新至校区1坐标为446.75,129.98625
2021-06-11 08:12:39 我的位置更新至校区1坐标为436.25,129.99853723404257
2021-06-11 08:12:40 我的位置更新至校区1坐标为421.375,129.99987622749592
2021-06-11 08:12:41 我的位置更新至校区1坐标为401.25,129.99999276184187
2021-06-11 08:12:46 我的位置更新至校区1坐标为331.25,129.9999998730148
2021-06-11 08:12:48 我的位置更新至校区1坐标为301.5,129.99999999390468
2021-06-11 08:12:55 我的位置更新至校区1坐标为300.625,91.74999999390468
2021-06-11 08:13:00 我的位置更新至校区1坐标为300.625,61.74999999390468
2021-06-11 08:13:00 我的位置更新至沙河燕南园S41层坐标为300.625,61.74999999390468
2021-06-11 08:13:00 我的位置更新至沙河燕南园S41层坐标为250,100
2021-06-11 08:13:03 我的位置更新至沙河燕南园S41层坐标为201.25,100
2021-06-11 08:13:03 我的位置更新至沙河燕南园S42层坐标为201.25,100
2021-06-11 08:13:03 我的位置更新至沙河燕南园S42层坐标为200,0
2021-06-11 08:13:07 我的位置更新至沙河燕南园S42层坐标为249,0
2021-06-11 08:13:11 我的位置更新至沙河燕南园S42层坐标为299,0
2021-06-11 08:13:13 我的位置更新至沙河燕南园S42层坐标为299.5,-49
2021-06-11 08:13:16 我的位置更新至沙河燕南园S42层坐标为299.5,-1
2021-06-11 08:13:19 我的位置更新至沙河燕南园S42层坐标为251,-0.02020202020202022
2021-06-11 08:13:23 我的位置更新至沙河燕南园S42层坐标为201,-0.00039611804317686745
2021-06-11 08:13:23 我的位置更新至沙河燕南园S41层坐标为201,-0.00039611804317686745
2021-06-11 08:13:24 我的位置更新至沙河燕南园S41层坐标为200,100
2021-06-11 08:13:26 我的位置更新至沙河燕南园S41层坐标为248.75,100
2021-06-11 08:13:26 我的位置更新至校区1坐标为248.75,100
2021-06-11 08:13:27 我的位置更新至校区1坐标为300,60
2021-06-11 08:13:31 我的位置更新至校区1坐标为300,88.125
2021-06-11 08:13:37 我的位置更新至校区1坐标为300,128.25
2021-06-11 08:13:39 我的位置更新至校区1坐标为281.625,129.8578125
2021-06-11 08:13:40 我的位置更新至校区1坐标为267.625,130.00301466309952
2021-06-11 08:13:41 我的位置更新至校区1坐标为251.875,130.00032070884038
2021-06-11 08:13:42 我的位置更新至校区1坐标为231.75,130.0000256567072
2021-06-11 08:13:44 我的位置更新至校区1坐标为201.125,130.00000090909595
2021-06-11 08:13:47 我的位置更新至校区1坐标为161.75,130.00000003868493
2021-06-11 08:13:49 我的位置更新至校区1坐标为121.5,130.0000000013899
2021-06-11 08:13:52 我的位置更新至校区1坐标为81.25,130.0000000000419
2021-06-11 08:13:54 我的位置更新至校区1坐标为41.875,130.00000000000193
2021-06-11 08:13:56 我的位置更新至校区1坐标为21.75,130.00000000000014
2021-06-11 08:13:57 我的位置更新至校区1坐标为1.625,130.00000000000003
2021-06-11 08:13:57 我的位置更新至校区1坐标为1.625,130.00000000000003
2021-06-11 08:13:59 我的位置更新至校区2坐标为50,550
2021-06-11 08:14:06 我的位置更新至校区2坐标为50,403.1250000000004
2021-06-11 08:14:12 我的位置更新至校区2坐标为147.75,400.07031250000006
2021-06-11 08:14:14 我的位置更新至校区2坐标为187.0625,400.00488859097635
2021-06-11 08:14:16 我的位置更新至校区2坐标为227.4375,400.000291749971
2021-06-11 08:14:19 我的位置更新至校区2坐标为228.5,282.09407321949453
2021-06-11 08:14:22 我的位置更新至校区2坐标为277.375,280.10673674177036
2021-06-11 08:14:29 我的位置更新至校区2坐标为397.4375,280.00223048237126
2021-06-11 08:14:34 我的位置更新至校区2坐标为477.125,280.0000776700901
2021-06-11 08:14:37 我的位置更新至校区2坐标为537.6875,280.00000285665345
2021-06-11 08:14:38 我的位置更新至校区2坐标为557.875,280.0000002720622
2021-06-11 08:14:42 我的位置更新至校区2坐标为617.375,280.0000000114956
2021-06-11 08:14:44 我的位置更新至校区2坐标为657.75,280.0000000006068
2021-06-11 08:14:45 我的位置更新至校区2坐标为677.9375,280.0497986319666
2021-06-11 08:14:48 我的位置更新至校区2坐标为737.4375,280.00205613686876
2021-06-11 08:14:50 我的位置更新至校区2坐标为777.8125,280.0001056751695
2021-06-11 08:14:54 我的位置更新至校区2坐标为778.875,357.55010567517024
2021-06-11 08:15:00 我的位置更新至校区2坐标为837.3125,359.89228480984895
2021-06-11 08:15:02 我的位置更新至校区2坐标为839.4375,222.25478054159603
2021-06-11 08:15:02 我的位置更新至西土城教二楼1层坐标为839.4375,222.25478054159603
2021-06-11 08:15:02 我的位置更新至西土城教二楼1层坐标为0,220
2021-06-11 08:15:05 我的位置更新至西土城教二楼1层坐标为48.75,220
2021-06-11 08:15:08 我的位置更新至西土城教二楼1层坐标为49.375,248.875
2021-06-11 08:15:12 我的位置更新至西土城教二楼1层坐标为49.375,298.75
2021-06-11 08:15:17 我的位置更新至西土城教二楼1层坐标为49.375,348.625
2021-06-11 08:15:20 我的位置更新至西土城教二楼1层坐标为1.25,349.9651898734177
2021-06-11 08:15:23 我的位置更新至西土城教二楼1层坐标为48.75,349.9991074326518
2021-06-11 08:15:25 我的位置更新至西土城教二楼1层坐标为49.375,301.37455371632586
2021-06-11 08:15:29 我的位置更新至西土城教二楼1层坐标为49.375,251.06205371632586
2021-06-11 08:15:32 我的位置更新至西土城教二楼1层坐标为49.375,221.31205371632586
2021-06-11 08:15:35 我的位置更新至西土城教二楼1层坐标为1.25,220.0332165497804
2021-06-11 08:15:35 我的位置更新至校区2坐标为1.25,220.0332165497804
2021-06-11 08:15:35 我的位置更新至校区2坐标为840,220
2021-06-11 08:15:42 我的位置更新至校区2坐标为840,357.47500000000133
2021-06-11 08:15:45 我的位置更新至校区2坐标为782.625,359.88953125000006
2021-06-11 08:15:49 我的位置更新至校区2坐标为781.5625,282.3395312499993
2021-06-11 08:15:51 我的位置更新至校区2坐标为742.25,280.1266513157894
2021-06-11 08:15:54 我的位置更新至校区2坐标为683.8125,280.060575378835
2021-06-11 08:15:56 我的位置更新至校区2坐标为662.5625,280.0065186103209
2021-06-11 08:15:58 我的位置更新至校区2坐标为622.1875,280.00033502402533
2021-06-11 08:16:01 我的位置更新至校区2坐标为562.6875,280.0000144784252
2021-06-11 08:16:02 我的位置更新至校区2坐标为542.5,280.0000015954188
2021-06-11 08:16:05 我的位置更新至校区2坐标为483,280.00000007658014
2021-06-11 08:16:10 我的位置更新至校区2坐标为402.25,280.0000000020759
2021-06-11 08:16:16 我的位置更新至校区2坐标为282.1875,280.0000000000372
2021-06-11 08:16:19 我的位置更新至校区2坐标为232.25,280.00000000000165
2021-06-11 08:16:22 我的位置更新至校区2坐标为231.1875,397.76666666666813
2021-06-11 08:16:27 我的位置更新至校区2坐标为231.1875,497.6416666666691
2021-06-11 08:16:27 导航已结束
2021-06-11 08:16:27 我的位置更新至校区2坐标为231.1875,497.6416666666691
2021-06-11 08:18:00 进行前往西土城运动场门一的导航
2021-06-11 08:18:03 我的位置更新至校区2坐标为231.1875,497.6416666666691
2021-06-11 08:18:13 我的位置更新至校区2坐标为231.1875,402.4666666666682
2021-06-11 08:18:24 我的位置更新至校区2坐标为231.1875,282.616666666667
2021-06-11 08:18:24 导航已结束
2021-06-11 08:18:24 我的位置更新至校区2坐标为231.1875,282.616666666667
2021-06-11 08:18:41 进行前往沙河排球场门一的导航
2021-06-11 08:19:00 导航已结束
2021-06-11 08:19:14 进行前往沙河篮球场门一的导航
2021-06-11 08:19:29 导航已结束
2021-06-11 08:19:44 进行前往沙河排球场门一的导航
2021-06-11 08:19:48 我的位置更新至校区2坐标为231.1875,282.616666666667
2021-06-11 08:19:48 我的位置更新至校区2坐标为231.1875,281.441666666667
2021-06-11 08:19:50 我的位置更新至校区2坐标为276.875,280.0922962014512
2021-06-11 08:19:57 我的位置更新至校区2坐标为396.9375,280.00229569232033
2021-06-11 08:19:58 我的位置更新至校区2坐标为399.0625,202.16549868132233
2021-06-11 08:20:03 我的位置更新至校区2坐标为399.0625,277.36549868132306
2021-06-11 08:20:09 我的位置更新至校区2坐标为282.1875,279.95159708863326
2021-06-11 08:20:12 我的位置更新至校区2坐标为232.25,279.99791316789316
2021-06-11 08:20:13 导航已结束
2021-06-11 08:20:13 我的位置更新至校区2坐标为231.1875,347.2405652830548
2021-06-11 08:20:13 导航已结束
2021-06-11 08:22:01 进行前往沙河排球场门二的导航
2021-06-11 08:22:04 我的位置更新至校区2坐标为231.1875,347.2405652830548
2021-06-11 08:22:07 我的位置更新至校区2坐标为231.1875,282.6155652830542
2021-06-11 08:22:10 我的位置更新至校区2坐标为276.875,280.1674497620394
2021-06-11 08:22:16 我的位置更新至校区2坐标为396.9375,280.00416499408124
2021-06-11 08:22:17 我的位置更新至校区2坐标为399.0625,202.16607091655527
2021-06-11 08:22:21 我的位置更新至校区2坐标为399.0625,277.366070916556
2021-06-11 08:22:27 我的位置更新至校区2坐标为282.1875,279.95160760214145
2021-06-11 08:22:29 我的位置更新至校区2坐标为232.25,279.99791362117014
2021-06-11 08:22:32 导航已结束
2021-06-11 08:22:32 我的位置更新至校区2坐标为231.1875,382.49056552228467
2021-06-11 08:22:32 导航已结束
2021-06-11 08:22:43 进行前往沙河排球场门一的导航
2021-06-11 08:22:45 我的位置更新至校区2坐标为231.1875,382.49056552228467
2021-06-11 08:22:50 我的位置更新至校区2坐标为231.1875,282.6155655222837
2021-06-11 08:22:53 我的位置更新至校区2坐标为276.875,280.167449777355
2021-06-11 08:23:00 我的位置更新至校区2坐标为396.9375,280.00416499446214
2021-06-11 08:23:01 我的位置更新至校区2坐标为399.0625,202.16607091667186
2021-06-11 08:23:04 我的位置更新至校区2坐标为399.0625,277.3660709166726
2021-06-11 08:23:10 我的位置更新至校区2坐标为282.1875,279.95160760214355
2021-06-11 08:23:13 我的位置更新至校区2坐标为232.25,279.99791362117026
2021-06-11 08:23:51 我的位置更新至校区1坐标为0,130
2021-06-11 08:24:10 进行前往沙河快递站门一的导航
2021-06-11 08:24:15 我的位置更新至校区2坐标为50,550
2021-06-11 08:24:23 我的位置更新至校区2坐标为50,403.1250000000004
2021-06-11 08:24:28 我的位置更新至校区2坐标为147.75,400.07031250000006
2021-06-11 08:24:30 我的位置更新至校区2坐标为187.0625,400.00488859097635
2021-06-11 08:24:33 我的位置更新至校区2坐标为227.4375,400.000291749971
2021-06-11 08:24:36 我的位置更新至校区2坐标为228.5,282.09407321949453
2021-06-11 08:24:39 我的位置更新至校区2坐标为277.375,280.10673674177036
2021-06-11 08:24:45 我的位置更新至校区2坐标为397.4375,280.00223048237126
2021-06-11 08:24:48 我的位置更新至校区2坐标为398.5,202.18057394089982
2021-06-11 08:24:51 我的位置更新至校区2坐标为398.5,277.38057394090055
2021-06-11 08:24:53 导航已结束
2021-06-11 08:24:53 导航已结束
2021-06-11 08:24:53 我的位置更新至校区2坐标为370.875,277.99122073315874
2021-06-11 08:27:20 进行前往沙河快递站门一的导航
2021-06-11 08:27:22 我的位置更新至校区2坐标为370.875,277.99122073315874
2021-06-11 08:27:24 我的位置更新至校区2坐标为397.4375,279.8232619099989
2021-06-11 08:27:29 我的位置更新至校区2坐标为398.5,202.07581184975504
2021-06-11 08:27:33 我的位置更新至校区2坐标为398.5,277.27581184975577
2021-06-11 08:27:39 我的位置更新至校区2坐标为282.6875,279.9382172518668
2021-06-11 08:27:41 我的位置更新至校区2坐标为232.75,279.99677527767744
2021-06-11 08:27:43 我的位置更新至校区2坐标为230.625,397.401539835836
2021-06-11 08:27:45 我的位置更新至校区2坐标为192.375,399.84809002117197
2021-06-11 08:27:47 我的位置更新至校区2坐标为153.0625,399.98902125521744
2021-06-11 08:27:52 我的位置更新至校区2坐标为52.125,399.9997736341282
2021-06-11 08:27:55 我的位置更新至校区2坐标为51.0625,547.8498868170631
2021-06-11 08:27:55 我的位置更新至校区2坐标为51.0625,547.8498868170631
2021-06-11 08:27:58 我的位置更新至校区1坐标为0,130
2021-06-11 08:28:00 我的位置更新至校区1坐标为18.375,130
2021-06-11 08:28:00 导航已结束
2021-06-11 08:28:00 我的位置更新至校区1坐标为18.375,130
2021-06-11 08:28:42 进行前往沙河燕南园门三的导航
2021-06-11 08:28:45 我的位置更新至校区1坐标为18.375,130
2021-06-11 08:28:45 我的位置更新至校区1坐标为19.25,130
2021-06-11 08:28:46 我的位置更新至校区1坐标为38.5,130
2021-06-11 08:28:49 我的位置更新至校区1坐标为78.75,130
2021-06-11 08:28:52 我的位置更新至校区1坐标为118.125,130
2021-06-11 08:28:55 我的位置更新至校区1坐标为158.375,130
2021-06-11 08:28:57 我的位置更新至校区1坐标为198.625,130
2021-06-11 08:29:00 我的位置更新至校区1坐标为199.5,81.68181818181819
2021-06-11 08:29:26 我的位置更新至校区1坐标为199.5,1.806818181818187
2021-06-11 08:29:40 我的位置更新至校区1坐标为298.375,0.02921472184531899
2021-06-11 08:29:52 我的位置更新至校区1坐标为299.25,28.52921472184532
2021-06-11 08:30:02 我的位置更新至校区1坐标为299.25,58.52921472184532
2021-06-11 08:30:03 我的位置更新至校区1坐标为299.25,58.52921472184532
2021-06-11 08:30:03 导航已结束
2021-06-11 08:30:19 进行前往西土城教二楼109的导航
2021-06-11 08:30:22 我的位置更新至校区1坐标为299.25,58.52921472184532
2021-06-11 08:30:22 我的位置更新至校区1坐标为299.25,58.90421472184532
2021-06-11 08:30:30 我的位置更新至校区1坐标为299.25,88.52921472184532
2021-06-11 08:30:40 我的位置更新至校区1坐标为299.25,128.27921472184534
2021-06-11 08:30:43 我的位置更新至校区1坐标为281.75,129.8435649747132
2021-06-11 08:30:44 我的位置更新至校区1坐标为267.75,130.0002308452231
2021-06-11 08:30:46 我的位置更新至校区1坐标为251.125,130.00001463103527
2021-06-11 08:30:49 我的位置更新至校区1坐标为231.875,130.0000012986126
2021-06-11 08:30:52 我的位置更新至校区1坐标为201.25,130.000000050926
2021-06-11 08:30:57 我的位置更新至校区1坐标为161.875,130.0000000023148
2021-06-11 08:31:02 我的位置更新至校区1坐标为121.625,130.0000000000898
2021-06-11 08:31:06 我的位置更新至校区1坐标为81.375,130.00000000000296
2021-06-11 08:31:12 我的位置更新至校区1坐标为41.125,130.00000000000009
2021-06-11 08:31:15 我的位置更新至校区1坐标为21.875,130.00000000000003
2021-06-11 08:31:18 我的位置更新至校区1坐标为1.75,130.00000000000003
2021-06-11 08:31:18 我的位置更新至校区1坐标为1.75,130.00000000000003
2021-06-11 08:31:20 我的位置更新至校区2坐标为50,550
2021-06-11 08:31:38 我的位置更新至校区2坐标为50,403.1250000000004
2021-06-11 08:31:50 我的位置更新至校区2坐标为147.75,400.07031250000006
2021-06-11 08:31:55 我的位置更新至校区2坐标为187.0625,400.00488859097635
2021-06-11 08:32:01 我的位置更新至校区2坐标为227.4375,400.000291749971
2021-06-11 08:32:09 我的位置更新至校区2坐标为228.5,282.09407321949453
2021-06-11 08:32:16 我的位置更新至校区2坐标为277.375,280.10673674177036
2021-06-11 08:32:32 我的位置更新至校区2坐标为397.4375,280.00223048237126
2021-06-11 08:32:42 我的位置更新至校区2坐标为477.125,280.0000776700901
2021-06-11 08:32:48 我的位置更新至校区2坐标为537.6875,280.00000285665345
2021-06-11 08:32:50 我的位置更新至校区2坐标为557.875,280.0000002720622
2021-06-11 08:32:56 我的位置更新至校区2坐标为617.375,280.0000000114956
2021-06-11 08:33:00 我的位置更新至校区2坐标为657.75,280.0000000006068
2021-06-11 08:33:02 我的位置更新至校区2坐标为677.9375,280.0497986319666
2021-06-11 08:33:07 我的位置更新至校区2坐标为737.4375,280.00205613686876
2021-06-11 08:33:11 我的位置更新至校区2坐标为777.8125,280.0001056751695
2021-06-11 08:33:18 我的位置更新至校区2坐标为778.875,357.55010567517024
2021-06-11 08:33:23 我的位置更新至校区2坐标为837.3125,359.89228480984895
2021-06-11 08:33:26 我的位置更新至校区2坐标为839.4375,222.25478054159603
2021-06-11 08:33:26 我的位置更新至西土城教二楼1层坐标为839.4375,222.25478054159603
2021-06-11 08:33:26 我的位置更新至西土城教二楼1层坐标为0,220
2021-06-11 08:33:30 我的位置更新至西土城教二楼1层坐标为48.75,220
2021-06-11 08:33:32 我的位置更新至西土城教二楼1层坐标为49.375,248.875
2021-06-11 08:33:37 我的位置更新至西土城教二楼1层坐标为49.375,298.75
2021-06-11 08:33:40 我的位置更新至西土城教二楼1层坐标为98.75,299.9691358024691
2021-06-11 08:33:41 导航已结束
2021-06-11 08:33:41 我的位置更新至西土城教二楼1层坐标为98.75,299.9691358024691
